0 info it worked if it ends with ok
1 verbose cli [ '/usr/local/Cellar/node/7.0.0/bin/node',
1 verbose cli   '/usr/local/bin/npm',
1 verbose cli   'start' ]
2 info using npm@3.10.8
3 info using node@v7.0.0
4 verbose run-script [ 'prestart', 'start', 'poststart' ]
5 info lifecycle 2017web@1.0.0~prestart: 2017web@1.0.0
6 silly lifecycle 2017web@1.0.0~prestart: no script for prestart, continuing
7 info lifecycle 2017web@1.0.0~start: 2017web@1.0.0
8 verbose lifecycle 2017web@1.0.0~start: unsafe-perm in lifecycle true
9 verbose lifecycle 2017web@1.0.0~start: PATH: /usr/local/lib/node_modules/npm/bin/node-gyp-bin:/Users/MercedesLo/Documents/dev/2017web/node_modules/.bin:/usr/local/Cellar/node/7.0.0/bin:/Users/MercedesLo/npm/bin:/usr/local/bin:/usr/local/bin:/Library/Frameworks/Python.framework/Versions/3.4/bin:/Library/Frameworks/Python.framework/Versions/2.7/bin:/Library/Frameworks/Python.framework/Versions/3.4/bin:/usr/local/bin:/usr/bin:/bin:/usr/sbin:/sbin:/opt/X11/bin:/usr/local/git/bin
10 verbose lifecycle 2017web@1.0.0~start: CWD: /Users/MercedesLo/Documents/dev/2017web
11 silly lifecycle 2017web@1.0.0~start: Args: [ '-c', 'babel-node server.js --presets env' ]
12 silly lifecycle 2017web@1.0.0~start: Returned: code: 1  signal: null
13 info lifecycle 2017web@1.0.0~start: Failed to exec start script
14 verbose stack Error: 2017web@1.0.0 start: `babel-node server.js --presets env`
14 verbose stack Exit status 1
14 verbose stack     at EventEmitter.<anonymous> (/usr/local/lib/node_modules/npm/lib/utils/lifecycle.js:255:16)
14 verbose stack     at emitTwo (events.js:106:13)
14 verbose stack     at EventEmitter.emit (events.js:191:7)
14 verbose stack     at ChildProcess.<anonymous> (/usr/local/lib/node_modules/npm/lib/utils/spawn.js:40:14)
14 verbose stack     at emitTwo (events.js:106:13)
14 verbose stack     at ChildProcess.emit (events.js:191:7)
14 verbose stack     at maybeClose (internal/child_process.js:877:16)
14 verbose stack     at Process.ChildProcess._handle.onexit (internal/child_process.js:226:5)
15 verbose pkgid 2017web@1.0.0
16 verbose cwd /Users/MercedesLo/Documents/dev/2017web
17 error Darwin 16.5.0
18 error argv "/usr/local/Cellar/node/7.0.0/bin/node" "/usr/local/bin/npm" "start"
19 error node v7.0.0
20 error npm  v3.10.8
21 error code ELIFECYCLE
22 error 2017web@1.0.0 start: `babel-node server.js --presets env`
22 error Exit status 1
23 error Failed at the 2017web@1.0.0 start script 'babel-node server.js --presets env'.
23 error Make sure you have the latest version of node.js and npm installed.
23 error If you do, this is most likely a problem with the 2017web package,
23 error not with npm itself.
23 error Tell the author that this fails on your system:
23 error     babel-node server.js --presets env
23 error You can get information on how to open an issue for this project with:
23 error     npm bugs 2017web
23 error Or if that isn't available, you can get their info via:
23 error     npm owner ls 2017web
23 error There is likely additional logging output above.
24 verbose exit [ 1, true ]
